<?xml version="1.0" encoding="UTF-8"?>
<testng-results ignored="1" total="2" passed="1" failed="0" skipped="0">
  <reporter-output>
  </reporter-output>
  <suite started-at="2023-10-28T19:27:18Z" name="Default suite" finished-at="2023-10-28T19:27:27Z" duration-ms="9678">
    <groups>
    </groups>
    <test started-at="2023-10-28T19:27:18Z" name="Default test" finished-at="2023-10-28T19:27:27Z" duration-ms="9678">
      <class name="EduIT.Laboratorio3_Ejercicio1">
        <test-method is-config="true" signature="septUp()[pri:0, instance:EduIT.Laboratorio3_Ejercicio1@8519cb4]" started-at="2023-10-28T13:27:13Z" name="septUp" finished-at="2023-10-28T13:27:18Z" duration-ms="4331" status="PASS">
          <reporter-output>
          </reporter-output>
        </test-method> <!-- septUp -->
        <test-method is-config="true" signature="irUrl()[pri:0, instance:EduIT.Laboratorio3_Ejercicio1@8519cb4]" started-at="2023-10-28T13:27:18Z" name="irUrl" finished-at="2023-10-28T13:27:19Z" duration-ms="1121" status="PASS">
          <reporter-output>
          </reporter-output>
        </test-method> <!-- irUrl -->
        <test-method signature="registrarUsuario()[pri:1, instance:EduIT.Laboratorio3_Ejercicio1@8519cb4]" started-at="2023-10-28T13:27:19Z" name="registrarUsuario" description="Test Create Account" finished-at="2023-10-28T13:27:27Z" duration-ms="7906" status="PASS">
          <reporter-output>
          </reporter-output>
        </test-method> <!-- registrarUsuario -->
        <test-method is-config="true" signature="capturaPantalla()[pri:0, instance:EduIT.Laboratorio3_Ejercicio1@8519cb4]" started-at="2023-10-28T13:27:27Z" name="capturaPantalla" finished-at="2023-10-28T13:27:27Z" duration-ms="222" status="PASS">
          <reporter-output>
          </reporter-output>
        </test-method> <!-- capturaPantalla -->
        <test-method is-config="true" signature="finPrueba()[pri:0, instance:EduIT.Laboratorio3_Ejercicio1@8519cb4]" started-at="2023-10-28T13:27:27Z" name="finPrueba" finished-at="2023-10-28T13:27:27Z" duration-ms="0" status="PASS">
          <reporter-output>
          </reporter-output>
        </test-method> <!-- finPrueba -->
        <test-method is-config="true" signature="cierreNavegador()[pri:0, instance:EduIT.Laboratorio3_Ejercicio1@8519cb4]" started-at="2023-10-28T13:27:27Z" name="cierreNavegador" finished-at="2023-10-28T13:27:27Z" duration-ms="320" status="PASS">
          <reporter-output>
          </reporter-output>
        </test-method> <!-- cierreNavegador -->
      </class> <!-- EduIT.Laboratorio3_Ejercicio1 -->
    </test> <!-- Default test -->
  </suite> <!-- Default suite -->
</testng-results>
