<?xml version="1.0" encoding="UTF-8"?>
<!-- Generated by org.testng.reporters.JUnitXMLReporter -->
<testsuite ignored="1" hostname="LAPTOP-GL2C5OT0" failures="0" tests="9" name="Test" time="12.557" errors="0" timestamp="28 oct 2023 18:42:42 GMT">
  <testcase classname="EduIT.Test_BeforeTestAndBeforeMethod" name="testADemo" time="0.024"/>
  <testcase classname="EduIT.Test_BeforeTestAndBeforeMethod" name="testBDemo" time="0.009"/>
  <testcase classname="EduIT.Test_BeforeTestAndBeforeMethod" name="testCDemo" time="0.003"/>
  <testcase classname="EduIT.Anotaciones" name="testCase1" time="0.002"/>
  <testcase classname="EduIT.Anotaciones" name="testCase2" time="0.035"/>
  <testcase classname="EduIT.testNGPriorityExample" name="registerAccount" time="0.018"/>
  <testcase classname="EduIT.Laboratorio3_Ejercicio1" name="registrarUsuario" time="7.896"/>
  <testcase classname="EduIT.testNGPriorityExample" name="login" time="0.011"/>
  <testcase classname="EduIT.testNGPriorityExample" name="sendEmail" time="0.009"/>
  <testcase classname="EduIT.Laboratorio3_Ejercicio1" name="pruebaTest" time="0.0">
    <ignored/>
  </testcase> <!-- pruebaTest -->
</testsuite> <!-- Test -->
